c:\users\lando\documents\github\stimulate\exciter\builds\visualstudio2019\x64\release\shared code\stimulate.pdb
c:\users\lando\documents\github\stimulate\exciter\builds\visualstudio2019\x64\release\shared code\include_juce_gui_basics.obj
c:\users\lando\documents\github\stimulate\exciter\builds\visualstudio2019\x64\release\shared code\include_juce_dsp.obj
c:\users\lando\documents\github\stimulate\exciter\builds\visualstudio2019\x64\release\shared code\binarydata2.obj
c:\users\lando\documents\github\stimulate\exciter\builds\visualstudio2019\x64\release\shared code\ui-constructor.obj
c:\users\lando\documents\github\stimulate\exciter\builds\visualstudio2019\x64\release\shared code\binarydata5.obj
c:\users\lando\documents\github\stimulate\exciter\builds\visualstudio2019\x64\release\shared code\include_juce_core.obj
c:\users\lando\documents\github\stimulate\exciter\builds\visualstudio2019\x64\release\shared code\include_juce_audio_basics.obj
c:\users\lando\documents\github\stimulate\exciter\builds\visualstudio2019\x64\release\shared code\include_juce_gui_extra.obj
c:\users\lando\documents\github\stimulate\exciter\builds\visualstudio2019\x64\release\shared code\ui-resized.obj
c:\users\lando\documents\github\stimulate\exciter\builds\visualstudio2019\x64\release\shared code\ui-initwindow.obj
c:\users\lando\documents\github\stimulate\exciter\builds\visualstudio2019\x64\release\shared code\pluginprocessor.obj
c:\users\lando\documents\github\stimulate\exciter\builds\visualstudio2019\x64\release\shared code\include_juce_audio_processors.obj
c:\users\lando\documents\github\stimulate\exciter\builds\visualstudio2019\x64\release\shared code\include_juce_data_structures.obj
c:\users\lando\documents\github\stimulate\exciter\builds\visualstudio2019\x64\release\shared code\include_juce_graphics.obj
c:\users\lando\documents\github\stimulate\exciter\builds\visualstudio2019\x64\release\shared code\plugineditor.obj
c:\users\lando\documents\github\stimulate\exciter\builds\visualstudio2019\x64\release\shared code\include_juce_audio_devices.obj
c:\users\lando\documents\github\stimulate\exciter\builds\visualstudio2019\x64\release\shared code\lv_headercomponent.obj
c:\users\lando\documents\github\stimulate\exciter\builds\visualstudio2019\x64\release\shared code\oversamplingmenu.obj
c:\users\lando\documents\github\stimulate\exciter\builds\visualstudio2019\x64\release\shared code\include_juce_audio_formats.obj
c:\users\lando\documents\github\stimulate\exciter\builds\visualstudio2019\x64\release\shared code\include_juce_audio_utils.obj
c:\users\lando\documents\github\stimulate\exciter\builds\visualstudio2019\x64\release\shared code\binarydata4.obj
c:\users\lando\documents\github\stimulate\exciter\builds\visualstudio2019\x64\release\shared code\binarydata.obj
c:\users\lando\documents\github\stimulate\exciter\builds\visualstudio2019\x64\release\shared code\binarydata3.obj
c:\users\lando\documents\github\stimulate\exciter\builds\visualstudio2019\x64\release\shared code\ui-savewindow.obj
c:\users\lando\documents\github\stimulate\exciter\builds\visualstudio2019\x64\release\shared code\ui-paint.obj
c:\users\lando\documents\github\stimulate\exciter\builds\visualstudio2019\x64\release\shared code\include_juce_audio_plugin_client_utils.obj
c:\users\lando\documents\github\stimulate\exciter\builds\visualstudio2019\x64\release\shared code\include_juce_events.obj
c:\users\lando\documents\github\stimulate\exciter\builds\visualstudio2019\x64\release\shared code\include_viator_modules.obj
c:\users\lando\documents\github\stimulate\exciter\builds\visualstudio2019\x64\release\shared code\stimulate.lib
c:\users\lando\documents\github\stimulate\exciter\builds\visualstudio2019\x64\release\shared code\stimulat.75835770.tlog\cl.command.1.tlog
c:\users\lando\documents\github\stimulate\exciter\builds\visualstudio2019\x64\release\shared code\stimulat.75835770.tlog\cl.read.1.tlog
c:\users\lando\documents\github\stimulate\exciter\builds\visualstudio2019\x64\release\shared code\stimulat.75835770.tlog\cl.write.1.tlog
c:\users\lando\documents\github\stimulate\exciter\builds\visualstudio2019\x64\release\shared code\stimulat.75835770.tlog\lib-link.read.1.tlog
c:\users\lando\documents\github\stimulate\exciter\builds\visualstudio2019\x64\release\shared code\stimulat.75835770.tlog\lib-link.write.1.tlog
c:\users\lando\documents\github\stimulate\exciter\builds\visualstudio2019\x64\release\shared code\stimulat.75835770.tlog\lib.command.1.tlog
