  PluginProcessor.cpp
  PluginEditor.cpp
  include_juce_audio_basics.cpp
  include_juce_audio_devices.cpp
  include_juce_audio_formats.cpp
  include_juce_audio_plugin_client_utils.cpp
  include_juce_audio_processors.cpp
  include_juce_audio_utils.cpp
  include_juce_core.cpp
  include_juce_data_structures.cpp
  include_juce_dsp.cpp
  include_juce_events.cpp
  include_juce_graphics.cpp
  include_juce_gui_extra.cpp
  include_viator_modules.cpp
C:\Users\lando\Documents\GitHub\viatordsp\viator_modules\viator_gui\Widgets\Label.h(27,1): warning C4458: declaration of 'font' hides class member (compiling source file ..\..\Source\PluginEditor.cpp)
C:\Users\lando\Documents\GitHub\JUCE\modules\juce_gui_basics\widgets\juce_Label.h(346,10): message : see declaration of 'juce::Label::font' (compiling source file ..\..\Source\PluginEditor.cpp)
C:\Users\lando\Documents\GitHub\viatordsp\viator_modules\viator_gui\Widgets\PushButton.h(27,1): warning C4305: 'argument': truncation from 'double' to 'float' (compiling source file ..\..\Source\PluginEditor.cpp)
C:\Users\lando\Documents\GitHub\viatordsp\viator_modules\viator_gui\Widgets\PushButton.h(28,1): warning C4305: 'argument': truncation from 'double' to 'float' (compiling source file ..\..\Source\PluginEditor.cpp)
C:\Users\lando\Documents\GitHub\viatordsp\viator_modules\viator_gui\Widgets\Label.h(27,1): warning C4458: declaration of 'font' hides class member (compiling source file ..\..\Source\PluginProcessor.cpp)
C:\Users\lando\Documents\GitHub\JUCE\modules\juce_gui_basics\widgets\juce_Label.h(346,10): message : see declaration of 'juce::Label::font' (compiling source file ..\..\Source\PluginProcessor.cpp)
C:\Users\lando\Documents\GitHub\viatordsp\viator_modules\viator_gui\Widgets\PushButton.h(27,1): warning C4305: 'argument': truncation from 'double' to 'float' (compiling source file ..\..\Source\PluginProcessor.cpp)
C:\Users\lando\Documents\GitHub\viatordsp\viator_modules\viator_gui\Widgets\PushButton.h(28,1): warning C4305: 'argument': truncation from 'double' to 'float' (compiling source file ..\..\Source\PluginProcessor.cpp)
C:\Users\lando\Documents\GitHub\Stimulate\exciter\Source\PluginProcessor.cpp(52,135): warning C4305: 'argument': truncation from 'double' to 'ValueType'
          with
          [
              ValueType=float
          ]
C:\Users\lando\Documents\GitHub\Stimulate\exciter\Source\PluginProcessor.cpp(159,52): warning C4100: 'index': unreferenced formal parameter
C:\Users\lando\Documents\GitHub\Stimulate\exciter\Source\PluginProcessor.cpp(163,63): warning C4100: 'index': unreferenced formal parameter
C:\Users\lando\Documents\GitHub\Stimulate\exciter\Source\PluginProcessor.cpp(168,79): warning C4100: 'newName': unreferenced formal parameter
C:\Users\lando\Documents\GitHub\Stimulate\exciter\Source\PluginProcessor.cpp(168,52): warning C4100: 'index': unreferenced formal parameter
C:\Users\lando\Documents\GitHub\Stimulate\exciter\Source\PluginProcessor.cpp(243,95): warning C4100: 'midiMessages': unreferenced formal parameter
C:\Users\lando\Documents\GitHub\Stimulate\exciter\Source\PluginProcessor.cpp(293,24): warning C4244: 'initializing': conversion from 'double' to 'float', possible loss of data
C:\Users\lando\Documents\GitHub\Stimulate\exciter\Source\PluginProcessor.cpp(299,77): warning C4244: '=': conversion from 'double' to 'float', possible loss of data
C:\Users\lando\Documents\GitHub\viatordsp\viator_modules\viator_gui\Widgets\Label.h(27,1): warning C4458: declaration of 'font' hides class member (compiling source file ..\..\JuceLibraryCode\include_viator_modules.cpp)
C:\Users\lando\Documents\GitHub\JUCE\modules\juce_gui_basics\widgets\juce_Label.h(346,10): message : see declaration of 'juce::Label::font' (compiling source file ..\..\JuceLibraryCode\include_viator_modules.cpp)
C:\Users\lando\Documents\GitHub\viatordsp\viator_modules\viator_gui\Widgets\PushButton.h(27,1): warning C4305: 'argument': truncation from 'double' to 'float' (compiling source file ..\..\JuceLibraryCode\include_viator_modules.cpp)
C:\Users\lando\Documents\GitHub\viatordsp\viator_modules\viator_gui\Widgets\PushButton.h(28,1): warning C4305: 'argument': truncation from 'double' to 'float' (compiling source file ..\..\JuceLibraryCode\include_viator_modules.cpp)
C:\Users\lando\Documents\GitHub\viatordsp\viator_modules\viator_dsp\Clipper.h(116,1): warning C4305: 'initializing': truncation from 'double' to 'const float' (compiling source file ..\..\JuceLibraryCode\include_viator_modules.cpp)
C:\Users\lando\Documents\GitHub\viatordsp\viator_modules\viator_dsp\Clipper.cpp(45): message : see reference to class template instantiation 'viator_dsp::Clipper<float>' being compiled (compiling source file ..\..\JuceLibraryCode\include_viator_modules.cpp)
C:\Users\lando\Documents\GitHub\viatordsp\viator_modules\viator_dsp\Clipper.h(117,1): warning C4305: 'initializing': truncation from 'double' to 'const float' (compiling source file ..\..\JuceLibraryCode\include_viator_modules.cpp)
C:\Users\lando\Documents\GitHub\viatordsp\viator_modules\viator_dsp\WaveShaper.cpp(10,30): warning C4244: '=': conversion from 'const double' to 'float', possible loss of data (compiling source file ..\..\JuceLibraryCode\include_viator_modules.cpp)
C:\Users\lando\Documents\GitHub\viatordsp\viator_modules\viator_dsp\WaveShaper.cpp(34,96): warning C4244: 'return': conversion from 'double' to 'float', possible loss of data (compiling source file ..\..\JuceLibraryCode\include_viator_modules.cpp)
C:\Users\lando\Documents\GitHub\viatordsp\viator_modules\viator_gui\Widgets\Dial.cpp(40,133): warning C4305: 'argument': truncation from 'double' to 'float' (compiling source file ..\..\JuceLibraryCode\include_viator_modules.cpp)
C:\Users\lando\Documents\GitHub\viatordsp\viator_modules\viator_gui\Widgets\Dial.cpp(38,60): warning C4100: 'event': unreferenced formal parameter (compiling source file ..\..\JuceLibraryCode\include_viator_modules.cpp)
C:\Users\lando\Documents\GitHub\viatordsp\viator_modules\viator_gui\Widgets\Dial.cpp(44,59): warning C4100: 'event': unreferenced formal parameter (compiling source file ..\..\JuceLibraryCode\include_viator_modules.cpp)
C:\Users\lando\Documents\GitHub\viatordsp\viator_modules\viator_gui\Widgets\Dial.cpp(59,102): warning C4305: 'argument': truncation from 'double' to 'float' (compiling source file ..\..\JuceLibraryCode\include_viator_modules.cpp)
C:\Users\lando\Documents\GitHub\viatordsp\viator_modules\viator_gui\Widgets\Fader.cpp(8,61): warning C4100: 'event': unreferenced formal parameter (compiling source file ..\..\JuceLibraryCode\include_viator_modules.cpp)
C:\Users\lando\Documents\GitHub\viatordsp\viator_modules\viator_gui\Widgets\Fader.cpp(16,134): warning C4305: 'argument': truncation from 'double' to 'float' (compiling source file ..\..\JuceLibraryCode\include_viator_modules.cpp)
C:\Users\lando\Documents\GitHub\viatordsp\viator_modules\viator_gui\Widgets\Fader.cpp(14,60): warning C4100: 'event': unreferenced formal parameter (compiling source file ..\..\JuceLibraryCode\include_viator_modules.cpp)
C:\Users\lando\Documents\GitHub\viatordsp\viator_modules\viator_gui\Widgets\Menu.cpp(30,60): warning C4100: 'event': unreferenced formal parameter (compiling source file ..\..\JuceLibraryCode\include_viator_modules.cpp)
C:\Users\lando\Documents\GitHub\viatordsp\viator_modules\viator_gui\Widgets\Menu.cpp(36,59): warning C4100: 'event': unreferenced formal parameter (compiling source file ..\..\JuceLibraryCode\include_viator_modules.cpp)
C:\Users\lando\Documents\GitHub\viatordsp\viator_modules\viator_gui\Widgets\NumberBox.cpp(3,65): warning C4100: 'event': unreferenced formal parameter (compiling source file ..\..\JuceLibraryCode\include_viator_modules.cpp)
C:\Users\lando\Documents\GitHub\viatordsp\viator_modules\viator_gui\Widgets\NumberBox.cpp(8,64): warning C4100: 'event': unreferenced formal parameter (compiling source file ..\..\JuceLibraryCode\include_viator_modules.cpp)
C:\Users\lando\Documents\GitHub\viatordsp\viator_modules\viator_gui\Widgets\Toggle.cpp(34,62): warning C4100: 'event': unreferenced formal parameter (compiling source file ..\..\JuceLibraryCode\include_viator_modules.cpp)
C:\Users\lando\Documents\GitHub\viatordsp\viator_modules\viator_gui\Widgets\Toggle.cpp(41,61): warning C4100: 'event': unreferenced formal parameter (compiling source file ..\..\JuceLibraryCode\include_viator_modules.cpp)
C:\Users\lando\Documents\GitHub\viatordsp\viator_modules\viator_gui\Widgets\StyleSheet.cpp(59,50): warning C4244: 'argument': conversion from 'double' to 'ValueType', possible loss of data
          with
          [
              ValueType=float
          ] (compiling source file ..\..\JuceLibraryCode\include_viator_modules.cpp)
C:\Users\lando\Documents\GitHub\viatordsp\viator_modules\viator_gui\Widgets\StyleSheet.cpp(58,50): warning C4244: 'argument': conversion from 'double' to 'ValueType', possible loss of data
          with
          [
              ValueType=float
          ] (compiling source file ..\..\JuceLibraryCode\include_viator_modules.cpp)
C:\Users\lando\Documents\GitHub\viatordsp\viator_modules\viator_gui\Widgets\StyleSheet.cpp(62,140): warning C4244: 'argument': conversion from 'double' to 'float', possible loss of data (compiling source file ..\..\JuceLibraryCode\include_viator_modules.cpp)
C:\Users\lando\Documents\GitHub\viatordsp\viator_modules\viator_gui\Widgets\StyleSheet.cpp(13,11): warning C4100: 'sliderPosProportional': unreferenced formal parameter (compiling source file ..\..\JuceLibraryCode\include_viator_modules.cpp)
C:\Users\lando\Documents\GitHub\viatordsp\viator_modules\viator_gui\Widgets\StyleSheet.cpp(69,32): warning C4305: '=': truncation from 'double' to 'float' (compiling source file ..\..\JuceLibraryCode\include_viator_modules.cpp)
C:\Users\lando\Documents\GitHub\viatordsp\viator_modules\viator_gui\Widgets\StyleSheet.cpp(91,20): warning C4244: 'initializing': conversion from 'double' to 'float', possible loss of data (compiling source file ..\..\JuceLibraryCode\include_viator_modules.cpp)
C:\Users\lando\Documents\GitHub\viatordsp\viator_modules\viator_gui\Widgets\StyleSheet.cpp(92,18): warning C4244: 'initializing': conversion from 'double' to 'float', possible loss of data (compiling source file ..\..\JuceLibraryCode\include_viator_modules.cpp)
C:\Users\lando\Documents\GitHub\viatordsp\viator_modules\viator_gui\Widgets\StyleSheet.cpp(93,19): warning C4244: 'initializing': conversion from 'double' to 'float', possible loss of data (compiling source file ..\..\JuceLibraryCode\include_viator_modules.cpp)
C:\Users\lando\Documents\GitHub\viatordsp\viator_modules\viator_gui\Widgets\StyleSheet.cpp(94,19): warning C4244: 'initializing': conversion from 'double' to 'float', possible loss of data (compiling source file ..\..\JuceLibraryCode\include_viator_modules.cpp)
C:\Users\lando\Documents\GitHub\viatordsp\viator_modules\viator_gui\Widgets\StyleSheet.cpp(107,56): warning C4244: 'argument': conversion from 'double' to 'float', possible loss of data (compiling source file ..\..\JuceLibraryCode\include_viator_modules.cpp)
C:\Users\lando\Documents\GitHub\viatordsp\viator_modules\viator_gui\Widgets\StyleSheet.cpp(153,20): warning C4244: 'initializing': conversion from 'double' to 'float', possible loss of data (compiling source file ..\..\JuceLibraryCode\include_viator_modules.cpp)
C:\Users\lando\Documents\GitHub\viatordsp\viator_modules\viator_gui\Widgets\StyleSheet.cpp(154,18): warning C4244: 'initializing': conversion from 'double' to 'float', possible loss of data (compiling source file ..\..\JuceLibraryCode\include_viator_modules.cpp)
C:\Users\lando\Documents\GitHub\viatordsp\viator_modules\viator_gui\Widgets\StyleSheet.cpp(155,19): warning C4244: 'initializing': conversion from 'double' to 'float', possible loss of data (compiling source file ..\..\JuceLibraryCode\include_viator_modules.cpp)
C:\Users\lando\Documents\GitHub\viatordsp\viator_modules\viator_gui\Widgets\StyleSheet.cpp(156,19): warning C4244: 'initializing': conversion from 'double' to 'float', possible loss of data (compiling source file ..\..\JuceLibraryCode\include_viator_modules.cpp)
C:\Users\lando\Documents\GitHub\viatordsp\viator_modules\viator_gui\Widgets\StyleSheet.cpp(170,56): warning C4244: 'argument': conversion from 'double' to 'float', possible loss of data (compiling source file ..\..\JuceLibraryCode\include_viator_modules.cpp)
C:\Users\lando\Documents\GitHub\viatordsp\viator_modules\viator_gui\Widgets\StyleSheet.cpp(192,102): warning C4305: 'argument': truncation from 'double' to 'float' (compiling source file ..\..\JuceLibraryCode\include_viator_modules.cpp)
C:\Users\lando\Documents\GitHub\viatordsp\viator_modules\viator_gui\Widgets\StyleSheet.cpp(302,61): warning C4244: 'argument': conversion from 'double' to 'float', possible loss of data (compiling source file ..\..\JuceLibraryCode\include_viator_modules.cpp)
C:\Users\lando\Documents\GitHub\viatordsp\viator_modules\viator_gui\Widgets\StyleSheet.cpp(380,81): warning C4244: 'argument': conversion from 'int' to 'ValueType', possible loss of data
          with
          [
              ValueType=float
          ] (compiling source file ..\..\JuceLibraryCode\include_viator_modules.cpp)
C:\Users\lando\Documents\GitHub\viatordsp\viator_modules\viator_gui\Widgets\StyleSheet.cpp(373,31): warning C4100: 'style': unreferenced formal parameter (compiling source file ..\..\JuceLibraryCode\include_viator_modules.cpp)
C:\Users\lando\Documents\GitHub\viatordsp\viator_modules\viator_gui\Widgets\StyleSheet.cpp(372,11): warning C4100: 'maxSliderPos': unreferenced formal parameter (compiling source file ..\..\JuceLibraryCode\include_viator_modules.cpp)
C:\Users\lando\Documents\GitHub\viatordsp\viator_modules\viator_gui\Widgets\StyleSheet.cpp(371,11): warning C4100: 'minSliderPos': unreferenced formal parameter (compiling source file ..\..\JuceLibraryCode\include_viator_modules.cpp)
C:\Users\lando\Documents\GitHub\viatordsp\viator_modules\viator_gui\Widgets\StyleSheet.cpp(587,61): warning C4244: 'argument': conversion from 'double' to 'ValueType', possible loss of data
          with
          [
              ValueType=int
          ] (compiling source file ..\..\JuceLibraryCode\include_viator_modules.cpp)
C:\Users\lando\Documents\GitHub\viatordsp\viator_modules\viator_gui\Widgets\StyleSheet.cpp(587,49): warning C4244: 'argument': conversion from 'double' to 'ValueType', possible loss of data
          with
          [
              ValueType=int
          ] (compiling source file ..\..\JuceLibraryCode\include_viator_modules.cpp)
C:\Users\lando\Documents\GitHub\viatordsp\viator_modules\viator_gui\Widgets\StyleSheet.cpp(579,10): warning C4100: 'shouldDrawButtonAsDown': unreferenced formal parameter (compiling source file ..\..\JuceLibraryCode\include_viator_modules.cpp)
C:\Users\lando\Documents\GitHub\viatordsp\viator_modules\viator_gui\Widgets\StyleSheet.cpp(578,10): warning C4100: 'shouldDrawButtonAsHighlighted': unreferenced formal parameter (compiling source file ..\..\JuceLibraryCode\include_viator_modules.cpp)
C:\Users\lando\Documents\GitHub\viatordsp\viator_modules\viator_gui\Widgets\StyleSheet.cpp(626,38): warning C4244: 'argument': conversion from 'double' to 'float', possible loss of data (compiling source file ..\..\JuceLibraryCode\include_viator_modules.cpp)
C:\Users\lando\Documents\GitHub\viatordsp\viator_modules\viator_gui\Widgets\StyleSheet.cpp(625,38): warning C4244: 'argument': conversion from 'double' to 'float', possible loss of data (compiling source file ..\..\JuceLibraryCode\include_viator_modules.cpp)
C:\Users\lando\Documents\GitHub\viatordsp\viator_modules\viator_gui\Widgets\StyleSheet.cpp(632,53): warning C4244: 'argument': conversion from 'double' to 'float', possible loss of data (compiling source file ..\..\JuceLibraryCode\include_viator_modules.cpp)
C:\Users\lando\Documents\GitHub\viatordsp\viator_modules\viator_gui\Widgets\StyleSheet.cpp(608,10): warning C4100: 'shouldDrawButtonAsDown': unreferenced formal parameter (compiling source file ..\..\JuceLibraryCode\include_viator_modules.cpp)
C:\Users\lando\Documents\GitHub\viatordsp\viator_modules\viator_gui\Widgets\StyleSheet.cpp(607,10): warning C4100: 'shouldDrawButtonAsHighlighted': unreferenced formal parameter (compiling source file ..\..\JuceLibraryCode\include_viator_modules.cpp)
C:\Users\lando\Documents\GitHub\viatordsp\viator_modules\viator_dsp\Saturation.h(69,38): warning C4244: 'return': conversion from 'double' to 'SampleType', possible loss of data
          with
          [
              SampleType=float
          ] (compiling source file ..\..\JuceLibraryCode\include_viator_modules.cpp)
C:\Users\lando\Documents\GitHub\viatordsp\viator_modules\viator_dsp\Saturation.h(67): message : while compiling class template member function 'SampleType viator_dsp::Saturation<SampleType>::softClipData(SampleType)'
          with
          [
              SampleType=float
          ] (compiling source file ..\..\JuceLibraryCode\include_viator_modules.cpp)
C:\Users\lando\Documents\GitHub\viatordsp\viator_modules\viator_dsp\Saturation.cpp(33): message : see reference to class template instantiation 'viator_dsp::Saturation<float>' being compiled (compiling source file ..\..\JuceLibraryCode\include_viator_modules.cpp)
C:\Users\lando\Documents\GitHub\viatordsp\viator_modules\viator_dsp\Saturation.h(62,40): warning C4244: 'return': conversion from 'double' to 'SampleType', possible loss of data
          with
          [
              SampleType=float
          ] (compiling source file ..\..\JuceLibraryCode\include_viator_modules.cpp)
C:\Users\lando\Documents\GitHub\viatordsp\viator_modules\viator_dsp\Saturation.h(60): message : while compiling class template member function 'SampleType viator_dsp::Saturation<SampleType>::saturateData(SampleType)'
          with
          [
              SampleType=float
          ] (compiling source file ..\..\JuceLibraryCode\include_viator_modules.cpp)
C:\Users\lando\Documents\GitHub\viatordsp\viator_modules\viator_dsp\Saturation.h(54,50): warning C4244: 'return': conversion from 'T' to 'SampleType', possible loss of data
          with
          [
              T=double
          ]
          and
          [
              SampleType=float
          ] (compiling source file ..\..\JuceLibraryCode\include_viator_modules.cpp)
C:\Users\lando\Documents\GitHub\viatordsp\viator_modules\viator_dsp\Saturation.h(52): message : while compiling class template member function 'SampleType viator_dsp::Saturation<SampleType>::processSample(SampleType) noexcept'
          with
          [
              SampleType=float
          ] (compiling source file ..\..\JuceLibraryCode\include_viator_modules.cpp)
C:\Users\lando\Documents\GitHub\viatordsp\viator_modules\viator_dsp\Clipper.h(84,35): warning C4244: 'argument': conversion from 'double' to 'SampleType', possible loss of data
          with
          [
              SampleType=float
          ] (compiling source file ..\..\JuceLibraryCode\include_viator_modules.cpp)
C:\Users\lando\Documents\GitHub\viatordsp\viator_modules\viator_dsp\Clipper.h(82): message : while compiling class template member function 'SampleType viator_dsp::Clipper<SampleType>::diodeClipper(SampleType)'
          with
          [
              SampleType=float
          ] (compiling source file ..\..\JuceLibraryCode\include_viator_modules.cpp)
C:\Users\lando\Documents\GitHub\viatordsp\viator_modules\viator_dsp\Clipper.cpp(45): message : see reference to class template instantiation 'viator_dsp::Clipper<float>' being compiled (compiling source file ..\..\JuceLibraryCode\include_viator_modules.cpp)
C:\Users\lando\Documents\GitHub\viatordsp\viator_modules\viator_utils\utils.h(21,1): warning C4244: '*=': conversion from 'double' to 'T', possible loss of data
          with
          [
              T=float
          ] (compiling source file ..\..\Source\PluginEditor.cpp)
C:\Users\lando\Documents\GitHub\viatordsp\viator_modules\viator_utils\utils.h(35): message : see reference to function template instantiation 'T viator_utils::utils::clipData<float>(T,T)' being compiled
          with
          [
              T=float
          ] (compiling source file ..\..\Source\PluginEditor.cpp)
C:\Users\lando\Documents\GitHub\viatordsp\viator_modules\viator_utils\utils.h(21,1): warning C4244: '*=': conversion from 'double' to 'T', possible loss of data
          with
          [
              T=float
          ] (compiling source file ..\..\Source\PluginProcessor.cpp)
C:\Users\lando\Documents\GitHub\viatordsp\viator_modules\viator_utils\utils.h(35): message : see reference to function template instantiation 'T viator_utils::utils::clipData<float>(T,T)' being compiled
          with
          [
              T=float
          ] (compiling source file ..\..\Source\PluginProcessor.cpp)
C:\Program Files (x86)\Microsoft Visual Studio\2019\Community\VC\Tools\MSVC\14.29.30133\include\memory(3416,56): warning C4244: 'argument': conversion from '_Ty' to 'float', possible loss of data
          with
          [
              _Ty=double
          ] (compiling source file ..\..\Source\PluginProcessor.cpp)
C:\Users\lando\Documents\GitHub\Stimulate\exciter\Source\PluginProcessor.cpp(51): message : see reference to function template instantiation 'std::unique_ptr<juce::AudioParameterFloat,std::default_delete<juce::AudioParameterFloat>> std::make_unique<juce::AudioParameterFloat,const char(&)[6],const char(&)[6],double,double,double,0>(const char (&)[6],const char (&)[6],double &&,double &&,double &&)' being compiled
C:\Users\lando\Documents\GitHub\viatordsp\viator_modules\viator_utils\utils.h(12,28): warning C4244: 'return': conversion from 'double' to 'T', possible loss of data
          with
          [
              T=float
          ] (compiling source file ..\..\Source\PluginProcessor.cpp)
C:\Users\lando\Documents\GitHub\Stimulate\exciter\Source\PluginProcessor.cpp(89): message : see reference to function template instantiation 'T viator_utils::utils::dbToGain<float>(T,T)' being compiled
          with
          [
              T=float
          ]
C:\Users\lando\Documents\GitHub\viatordsp\viator_modules\viator_utils\utils.h(21,1): warning C4244: '*=': conversion from 'double' to 'T', possible loss of data
          with
          [
              T=float
          ] (compiling source file ..\..\JuceLibraryCode\include_viator_modules.cpp)
C:\Users\lando\Documents\GitHub\viatordsp\viator_modules\viator_utils\utils.h(35): message : see reference to function template instantiation 'T viator_utils::utils::clipData<float>(T,T)' being compiled
          with
          [
              T=float
          ] (compiling source file ..\..\JuceLibraryCode\include_viator_modules.cpp)
C:\Users\lando\Documents\GitHub\viatordsp\viator_modules\viator_dsp\Clipper.cpp(12,30): warning C4244: '=': conversion from 'const double' to 'float', possible loss of data (compiling source file ..\..\JuceLibraryCode\include_viator_modules.cpp)
C:\Users\lando\Documents\GitHub\viatordsp\viator_modules\viator_dsp\Clipper.cpp(11): message : while compiling class template member function 'void viator_dsp::Clipper<float>::prepare(const juce::dsp::ProcessSpec &)' (compiling source file ..\..\JuceLibraryCode\include_viator_modules.cpp)
C:\Users\lando\Documents\GitHub\viatordsp\viator_modules\viator_dsp\Clipper.cpp(24,37): warning C4244: 'argument': conversion from 'SampleType' to 'float', possible loss of data
          with
          [
              SampleType=double
          ] (compiling source file ..\..\JuceLibraryCode\include_viator_modules.cpp)
C:\Users\lando\Documents\GitHub\viatordsp\viator_modules\viator_dsp\Clipper.cpp(19): message : while compiling class template member function 'void viator_dsp::Clipper<double>::setParameter(viator_dsp::Clipper<double>::ParameterId,SampleType)'
          with
          [
              SampleType=double
          ] (compiling source file ..\..\JuceLibraryCode\include_viator_modules.cpp)
C:\Users\lando\Documents\GitHub\viatordsp\viator_modules\viator_dsp\Clipper.cpp(27,61): warning C4244: '=': conversion from 'SampleType' to 'float', possible loss of data
          with
          [
              SampleType=double
          ] (compiling source file ..\..\JuceLibraryCode\include_viator_modules.cpp)
C:\Users\lando\Documents\GitHub\viatordsp\viator_modules\viator_dsp\Clipper.cpp(28,46): warning C4244: '=': conversion from 'SampleType' to 'float', possible loss of data
          with
          [
              SampleType=double
          ] (compiling source file ..\..\JuceLibraryCode\include_viator_modules.cpp)
C:\Users\lando\Documents\GitHub\viatordsp\viator_modules\viator_dsp\svfilter.h(140,45): warning C4244: 'initializing': conversion from 'double' to 'float', possible loss of data (compiling source file ..\..\JuceLibraryCode\include_viator_modules.cpp)
C:\Users\lando\Documents\GitHub\viatordsp\viator_modules\viator_dsp\SVFilter.cpp(4): message : while compiling class template member function 'viator_dsp::SVFilter<float>::SVFilter(void)' (compiling source file ..\..\JuceLibraryCode\include_viator_modules.cpp)
C:\Users\lando\Documents\GitHub\viatordsp\viator_modules\viator_dsp\SVFilter.cpp(105): message : see reference to class template instantiation 'viator_dsp::SVFilter<float>' being compiled (compiling source file ..\..\JuceLibraryCode\include_viator_modules.cpp)
C:\Users\lando\Documents\GitHub\viatordsp\viator_modules\viator_dsp\svfilter.h(141,57): warning C4244: 'initializing': conversion from 'double' to 'float', possible loss of data (compiling source file ..\..\JuceLibraryCode\include_viator_modules.cpp)
C:\Users\lando\Documents\GitHub\viatordsp\viator_modules\viator_dsp\SVFilter.cpp(16,30): warning C4244: '=': conversion from 'double' to 'float', possible loss of data (compiling source file ..\..\JuceLibraryCode\include_viator_modules.cpp)
C:\Users\lando\Documents\GitHub\viatordsp\viator_modules\viator_dsp\SVFilter.cpp(15): message : while compiling class template member function 'void viator_dsp::SVFilter<float>::prepare(juce::dsp::ProcessSpec &)' (compiling source file ..\..\JuceLibraryCode\include_viator_modules.cpp)
C:\Users\lando\Documents\GitHub\viatordsp\viator_modules\viator_dsp\SVFilter.cpp(17,39): warning C4244: '=': conversion from 'double' to 'float', possible loss of data (compiling source file ..\..\JuceLibraryCode\include_viator_modules.cpp)
C:\Users\lando\Documents\GitHub\viatordsp\viator_modules\viator_dsp\SVFilter.cpp(18,51): warning C4244: '=': conversion from 'double' to 'float', possible loss of data (compiling source file ..\..\JuceLibraryCode\include_viator_modules.cpp)
C:\Users\lando\Documents\GitHub\viatordsp\viator_modules\viator_dsp\SVFilter.cpp(73,47): warning C4244: '=': conversion from 'double' to 'float', possible loss of data (compiling source file ..\..\JuceLibraryCode\include_viator_modules.cpp)
C:\Users\lando\Documents\GitHub\viatordsp\viator_modules\viator_dsp\SVFilter.cpp(26): message : while compiling class template member function 'void viator_dsp::SVFilter<float>::setParameter(viator_dsp::SVFilter<float>::ParameterId,SampleType)'
          with
          [
              SampleType=float
          ] (compiling source file ..\..\JuceLibraryCode\include_viator_modules.cpp)
C:\Users\lando\Documents\GitHub\viatordsp\viator_modules\viator_dsp\SVFilter.cpp(10): message : see reference to function template instantiation 'void viator_dsp::SVFilter<float>::setParameter(viator_dsp::SVFilter<float>::ParameterId,SampleType)' being compiled
          with
          [
              SampleType=float
          ] (compiling source file ..\..\JuceLibraryCode\include_viator_modules.cpp)
C:\Users\lando\Documents\GitHub\viatordsp\viator_modules\viator_dsp\SVFilter.cpp(74,59): warning C4244: '=': conversion from 'double' to 'float', possible loss of data (compiling source file ..\..\JuceLibraryCode\include_viator_modules.cpp)
C:\Users\lando\Documents\GitHub\viatordsp\viator_modules\viator_dsp\SVFilter.cpp(89,35): warning C4244: '=': conversion from 'double' to 'float', possible loss of data (compiling source file ..\..\JuceLibraryCode\include_viator_modules.cpp)
C:\Users\lando\Documents\GitHub\viatordsp\viator_modules\viator_dsp\SVFilter.cpp(88): message : while compiling class template member function 'void viator_dsp::SVFilter<float>::setGain(SampleType)'
          with
          [
              SampleType=float
          ] (compiling source file ..\..\JuceLibraryCode\include_viator_modules.cpp)
C:\Users\lando\Documents\GitHub\viatordsp\viator_modules\viator_dsp\SVFilter.cpp(67): message : see reference to function template instantiation 'void viator_dsp::SVFilter<float>::setGain(SampleType)' being compiled
          with
          [
              SampleType=float
          ] (compiling source file ..\..\JuceLibraryCode\include_viator_modules.cpp)
C:\Users\lando\Documents\GitHub\viatordsp\viator_modules\viator_dsp\SVFilter.cpp(36,46): warning C4244: '=': conversion from 'SampleType' to 'float', possible loss of data
          with
          [
              SampleType=double
          ] (compiling source file ..\..\JuceLibraryCode\include_viator_modules.cpp)
C:\Users\lando\Documents\GitHub\viatordsp\viator_modules\viator_dsp\SVFilter.cpp(26): message : while compiling class template member function 'void viator_dsp::SVFilter<double>::setParameter(viator_dsp::SVFilter<double>::ParameterId,SampleType)'
          with
          [
              SampleType=double
          ] (compiling source file ..\..\JuceLibraryCode\include_viator_modules.cpp)
C:\Users\lando\Documents\GitHub\viatordsp\viator_modules\viator_dsp\SVFilter.cpp(10): message : see reference to function template instantiation 'void viator_dsp::SVFilter<double>::setParameter(viator_dsp::SVFilter<double>::ParameterId,SampleType)' being compiled
          with
          [
              SampleType=double
          ] (compiling source file ..\..\JuceLibraryCode\include_viator_modules.cpp)
C:\Users\lando\Documents\GitHub\viatordsp\viator_modules\viator_dsp\SVFilter.cpp(41,18): warning C4244: '=': conversion from 'SampleType' to 'float', possible loss of data
          with
          [
              SampleType=double
          ] (compiling source file ..\..\JuceLibraryCode\include_viator_modules.cpp)
C:\Users\lando\Documents\GitHub\viatordsp\viator_modules\viator_dsp\SVFilter.cpp(72,34): warning C4244: '=': conversion from 'SampleType' to 'float', possible loss of data
          with
          [
              SampleType=double
          ] (compiling source file ..\..\JuceLibraryCode\include_viator_modules.cpp)
C:\Users\lando\Documents\GitHub\viatordsp\viator_modules\viator_dsp\SVFilter.cpp(90,16): warning C4244: '=': conversion from 'SampleType' to 'float', possible loss of data
          with
          [
              SampleType=double
          ] (compiling source file ..\..\JuceLibraryCode\include_viator_modules.cpp)
C:\Users\lando\Documents\GitHub\viatordsp\viator_modules\viator_utils\utils.h(12,28): warning C4244: 'return': conversion from 'double' to 'T', possible loss of data
          with
          [
              T=float
          ] (compiling source file ..\..\JuceLibraryCode\include_viator_modules.cpp)
C:\Users\lando\Documents\GitHub\viatordsp\viator_modules\viator_dsp\WaveShaper.cpp(33): message : see reference to function template instantiation 'T viator_utils::utils::dbToGain<float>(T,T)' being compiled
          with
          [
              T=float
          ] (compiling source file ..\..\JuceLibraryCode\include_viator_modules.cpp)
C:\Users\lando\Documents\GitHub\viatordsp\viator_modules\viator_dsp\Saturation.cpp(12,30): warning C4244: '=': conversion from 'const double' to 'float', possible loss of data (compiling source file ..\..\JuceLibraryCode\include_viator_modules.cpp)
C:\Users\lando\Documents\GitHub\viatordsp\viator_modules\viator_dsp\Saturation.cpp(11): message : while compiling class template member function 'void viator_dsp::Saturation<float>::prepare(const juce::dsp::ProcessSpec &)' (compiling source file ..\..\JuceLibraryCode\include_viator_modules.cpp)
C:\Users\lando\Documents\GitHub\viatordsp\viator_modules\viator_dsp\Saturation.cpp(24,37): warning C4244: 'argument': conversion from 'SampleType' to 'float', possible loss of data
          with
          [
              SampleType=double
          ] (compiling source file ..\..\JuceLibraryCode\include_viator_modules.cpp)
C:\Users\lando\Documents\GitHub\viatordsp\viator_modules\viator_dsp\Saturation.cpp(19): message : while compiling class template member function 'void viator_dsp::Saturation<double>::setParameter(viator_dsp::Saturation<double>::ParameterId,SampleType)'
          with
          [
              SampleType=double
          ] (compiling source file ..\..\JuceLibraryCode\include_viator_modules.cpp)
C:\Users\lando\Documents\GitHub\viatordsp\viator_modules\viator_dsp\Saturation.cpp(27,61): warning C4244: '=': conversion from 'SampleType' to 'float', possible loss of data
          with
          [
              SampleType=double
          ] (compiling source file ..\..\JuceLibraryCode\include_viator_modules.cpp)
C:\Users\lando\Documents\GitHub\viatordsp\viator_modules\viator_dsp\Saturation.cpp(28,46): warning C4244: '=': conversion from 'SampleType' to 'float', possible loss of data
          with
          [
              SampleType=double
          ] (compiling source file ..\..\JuceLibraryCode\include_viator_modules.cpp)
  include_juce_gui_basics.cpp
  Stimulate_SharedCode.vcxproj -> C:\Users\lando\Documents\GitHub\Stimulate\exciter\Builds\VisualStudio2019\x64\Release\Shared Code\Stimulate.lib
